
Dec 13, 2021 22:07:15.35 NEW SESSION
Dec 13, 2021 22:07:15.35 [10920:10692:1213/220715.347:ERROR:chrome_browser_main_extra_parts_metrics.cc(226)] crbug.com/1216328: Checking Bluetooth availability started. Please report if there is no report that this ends.
Dec 13, 2021 22:07:15.35 [10920:10692:1213/220715.348:ERROR:chrome_browser_main_extra_parts_metrics.cc(229)] crbug.com/1216328: Checking Bluetooth availability ended.
Dec 13, 2021 22:07:15.35 [10920:10692:1213/220715.348:ERROR:chrome_browser_main_extra_parts_metrics.cc(232)] crbug.com/1216328: Checking default browser status started. Please report if there is no report that this ends.
Dec 13, 2021 22:07:15.35 [10920:2044:1213/220715.352:ERROR:device_event_log_impl.cc(214)] [22:07:15.351] USB: usb_device_handle_win.cc:1048 Failed to read descriptor from node connection: A device attached to the system is not functioning. (0x1F)
Dec 13, 2021 22:07:15.36 [10920:10692:1213/220715.352:ERROR:chrome_browser_main_extra_parts_metrics.cc(236)] crbug.com/1216328: Checking default browser status ended.
Dec 13, 2021 22:07:15.45 [10920:2044:1213/220715.451:ERROR:device_event_log_impl.cc(214)] [22:07:15.451] USB: usb_device_handle_win.cc:1048 Failed to read descriptor from node connection: A device attached to the system is not functioning. (0x1F)
Dec 13, 2021 22:07:19.95 [10920:7652:1213/220719.950:ERROR:connection_factory_impl.cc(425)] Failed to connect to MCS endpoint with error -106
Dec 13, 2021 22:07:19.95 [10920:7652:1213/220719.952:ERROR:registration_request.cc(247)] Registration URL fetching failed.
Dec 13, 2021 22:07:19.95 [10920:7652:1213/220719.953:ERROR:registration_request.cc(247)] Registration URL fetching failed.
Dec 13, 2021 22:07:40.64 [10920:7652:1213/220740.643:ERROR:registration_request.cc(247)] Registration URL fetching failed.
Dec 13, 2021 22:07:41.60 [10920:7652:1213/220741.601:ERROR:registration_request.cc(247)] Registration URL fetching failed.
Dec 13, 2021 22:07:47.17 [10920:7652:1213/220747.170:ERROR:connection_factory_impl.cc(425)] Failed to connect to MCS endpoint with error -106
Dec 13, 2021 22:15:32.91 [6536:6852:1213/221532.915:ERROR:device_event_log_impl.cc(214)] [22:15:32.915] USB: usb_device_handle_win.cc:1048 Failed to read descriptor from node connection: A device attached to the system is not functioning. (0x1F)
Dec 13, 2021 22:15:32.94 [6536:5192:1213/221532.940:ERROR:chrome_browser_main_extra_parts_metrics.cc(226)] crbug.com/1216328: Checking Bluetooth availability started. Please report if there is no report that this ends.
Dec 13, 2021 22:15:32.94 [6536:5192:1213/221532.941:ERROR:chrome_browser_main_extra_parts_metrics.cc(229)] crbug.com/1216328: Checking Bluetooth availability ended.
Dec 13, 2021 22:15:32.94 [6536:5192:1213/221532.948:ERROR:chrome_browser_main_extra_parts_metrics.cc(232)] crbug.com/1216328: Checking default browser status started. Please report if there is no report that this ends.
Dec 13, 2021 22:15:32.96 [6536:5192:1213/221532.960:ERROR:chrome_browser_main_extra_parts_metrics.cc(236)] crbug.com/1216328: Checking default browser status ended.
Dec 13, 2021 22:15:33.01 [6536:6852:1213/221533.016:ERROR:device_event_log_impl.cc(214)] [22:15:33.016] USB: usb_device_handle_win.cc:1048 Failed to read descriptor from node connection: A device attached to the system is not functioning. (0x1F)
Dec 13, 2021 22:15:55.76 [10484:11468:1213/221555.761:ERROR:chrome_browser_main_extra_parts_metrics.cc(226)] crbug.com/1216328: Checking Bluetooth availability started. Please report if there is no report that this ends.
Dec 13, 2021 22:15:55.76 [10484:11468:1213/221555.761:ERROR:chrome_browser_main_extra_parts_metrics.cc(229)] crbug.com/1216328: Checking Bluetooth availability ended.
Dec 13, 2021 22:15:55.76 [10484:11468:1213/221555.761:ERROR:chrome_browser_main_extra_parts_metrics.cc(232)] crbug.com/1216328: Checking default browser status started. Please report if there is no report that this ends.
Dec 13, 2021 22:15:55.76 [10484:5576:1213/221555.764:ERROR:device_event_log_impl.cc(214)] [22:15:55.763] USB: usb_device_handle_win.cc:1048 Failed to read descriptor from node connection: A device attached to the system is not functioning. (0x1F)
Dec 13, 2021 22:15:55.76 [10484:11468:1213/221555.767:ERROR:chrome_browser_main_extra_parts_metrics.cc(236)] crbug.com/1216328: Checking default browser status ended.
Dec 13, 2021 22:15:55.86 [10484:5576:1213/221555.860:ERROR:device_event_log_impl.cc(214)] [22:15:55.860] USB: usb_device_handle_win.cc:1048 Failed to read descriptor from node connection: A device attached to the system is not functioning. (0x1F)
Dec 13, 2021 22:17:05.20 [4112:4564:1213/221705.200:ERROR:device_event_log_impl.cc(214)] [22:17:05.201] USB: usb_device_handle_win.cc:1048 Failed to read descriptor from node connection: A device attached to the system is not functioning. (0x1F)
Dec 13, 2021 22:17:05.20 [4112:1488:1213/221705.204:ERROR:chrome_browser_main_extra_parts_metrics.cc(226)] crbug.com/1216328: Checking Bluetooth availability started. Please report if there is no report that this ends.
Dec 13, 2021 22:17:05.20 [4112:1488:1213/221705.204:ERROR:chrome_browser_main_extra_parts_metrics.cc(229)] crbug.com/1216328: Checking Bluetooth availability ended.
Dec 13, 2021 22:17:05.20 [4112:1488:1213/221705.204:ERROR:chrome_browser_main_extra_parts_metrics.cc(232)] crbug.com/1216328: Checking default browser status started. Please report if there is no report that this ends.
Dec 13, 2021 22:17:05.20 [4112:1488:1213/221705.209:ERROR:chrome_browser_main_extra_parts_metrics.cc(236)] crbug.com/1216328: Checking default browser status ended.
Dec 13, 2021 22:17:05.29 [4112:4564:1213/221705.296:ERROR:device_event_log_impl.cc(214)] [22:17:05.296] USB: usb_device_handle_win.cc:1048 Failed to read descriptor from node connection: A device attached to the system is not functioning. (0x1F)
Dec 13, 2021 22:18:11.43 [1200:10824:1213/221811.438:ERROR:device_event_log_impl.cc(214)] [22:18:11.438] USB: usb_device_handle_win.cc:1048 Failed to read descriptor from node connection: A device attached to the system is not functioning. (0x1F)
Dec 13, 2021 22:18:11.43 [1200:7528:1213/221811.438:ERROR:chrome_browser_main_extra_parts_metrics.cc(226)] crbug.com/1216328: Checking Bluetooth availability started. Please report if there is no report that this ends.
Dec 13, 2021 22:18:11.44 [1200:7528:1213/221811.438:ERROR:chrome_browser_main_extra_parts_metrics.cc(229)] crbug.com/1216328: Checking Bluetooth availability ended.
Dec 13, 2021 22:18:11.44 [1200:7528:1213/221811.438:ERROR:chrome_browser_main_extra_parts_metrics.cc(232)] crbug.com/1216328: Checking default browser status started. Please report if there is no report that this ends.
Dec 13, 2021 22:18:11.44 [1200:7528:1213/221811.444:ERROR:chrome_browser_main_extra_parts_metrics.cc(236)] crbug.com/1216328: Checking default browser status ended.
Dec 13, 2021 22:18:11.53 [1200:10824:1213/221811.537:ERROR:device_event_log_impl.cc(214)] [22:18:11.537] USB: usb_device_handle_win.cc:1048 Failed to read descriptor from node connection: A device attached to the system is not functioning. (0x1F)
Dec 13, 2021 22:21:15.19 [1656:4440:1213/222115.193:ERROR:chrome_browser_main_extra_parts_metrics.cc(226)] crbug.com/1216328: Checking Bluetooth availability started. Please report if there is no report that this ends.
Dec 13, 2021 22:21:15.20 [1656:10768:1213/222115.199:ERROR:device_event_log_impl.cc(214)] [22:21:15.199] USB: usb_device_handle_win.cc:1048 Failed to read descriptor from node connection: A device attached to the system is not functioning. (0x1F)
Dec 13, 2021 22:21:15.20 [1656:4440:1213/222115.202:ERROR:chrome_browser_main_extra_parts_metrics.cc(229)] crbug.com/1216328: Checking Bluetooth availability ended.
Dec 13, 2021 22:21:15.20 [1656:4440:1213/222115.203:ERROR:chrome_browser_main_extra_parts_metrics.cc(232)] crbug.com/1216328: Checking default browser status started. Please report if there is no report that this ends.
Dec 13, 2021 22:21:15.21 [1656:4440:1213/222115.214:ERROR:chrome_browser_main_extra_parts_metrics.cc(236)] crbug.com/1216328: Checking default browser status ended.
Dec 13, 2021 22:21:15.29 [1656:10768:1213/222115.295:ERROR:device_event_log_impl.cc(214)] [22:21:15.295] USB: usb_device_handle_win.cc:1048 Failed to read descriptor from node connection: A device attached to the system is not functioning. (0x1F)
Dec 13, 2021 22:22:46.78 [10708:1548:1213/222246.788:ERROR:chrome_browser_main_extra_parts_metrics.cc(226)] crbug.com/1216328: Checking Bluetooth availability started. Please report if there is no report that this ends.
Dec 13, 2021 22:22:46.79 [10708:1548:1213/222246.789:ERROR:chrome_browser_main_extra_parts_metrics.cc(229)] crbug.com/1216328: Checking Bluetooth availability ended.
Dec 13, 2021 22:22:46.79 [10708:1548:1213/222246.789:ERROR:chrome_browser_main_extra_parts_metrics.cc(232)] crbug.com/1216328: Checking default browser status started. Please report if there is no report that this ends.
Dec 13, 2021 22:22:46.79 [10708:11708:1213/222246.793:ERROR:device_event_log_impl.cc(214)] [22:22:46.793] USB: usb_device_handle_win.cc:1048 Failed to read descriptor from node connection: A device attached to the system is not functioning. (0x1F)
Dec 13, 2021 22:22:46.80 [10708:1548:1213/222246.803:ERROR:chrome_browser_main_extra_parts_metrics.cc(236)] crbug.com/1216328: Checking default browser status ended.
Dec 13, 2021 22:22:46.89 [10708:11708:1213/222246.889:ERROR:device_event_log_impl.cc(214)] [22:22:46.889] USB: usb_device_handle_win.cc:1048 Failed to read descriptor from node connection: A device attached to the system is not functioning. (0x1F)

Dec 14, 2021 17:08:52.01 NEW SESSION
Dec 14, 2021 17:08:52.01 [11940:9292:1214/170851.813:ERROR:chrome_browser_main_extra_parts_metrics.cc(226)] crbug.com/1216328: Checking Bluetooth availability started. Please report if there is no report that this ends.
Dec 14, 2021 17:08:52.04 [11940:9292:1214/170851.814:ERROR:chrome_browser_main_extra_parts_metrics.cc(229)] crbug.com/1216328: Checking Bluetooth availability ended.
Dec 14, 2021 17:08:52.04 [11940:9292:1214/170851.814:ERROR:chrome_browser_main_extra_parts_metrics.cc(232)] crbug.com/1216328: Checking default browser status started. Please report if there is no report that this ends.
Dec 14, 2021 17:08:52.05 [11940:4128:1214/170851.814:ERROR:device_event_log_impl.cc(214)] [17:08:51.814] USB: usb_device_handle_win.cc:1048 Failed to read descriptor from node connection: A device attached to the system is not functioning. (0x1F)
Dec 14, 2021 17:08:52.05 [11940:9292:1214/170851.854:ERROR:chrome_browser_main_extra_parts_metrics.cc(236)] crbug.com/1216328: Checking default browser status ended.
Dec 14, 2021 17:08:52.05 [11940:4128:1214/170851.912:ERROR:device_event_log_impl.cc(214)] [17:08:51.912] USB: usb_device_handle_win.cc:1048 Failed to read descriptor from node connection: A device attached to the system is not functioning. (0x1F)

Dec 15, 2021 10:38:35.31 NEW SESSION
Dec 15, 2021 10:38:35.31 [7988:6744:1215/103835.297:ERROR:chrome_browser_main_extra_parts_metrics.cc(226)] crbug.com/1216328: Checking Bluetooth availability started. Please report if there is no report that this ends.
Dec 15, 2021 10:38:35.33 [7988:6744:1215/103835.304:ERROR:chrome_browser_main_extra_parts_metrics.cc(229)] crbug.com/1216328: Checking Bluetooth availability ended.
Dec 15, 2021 10:38:35.33 [7988:6744:1215/103835.304:ERROR:chrome_browser_main_extra_parts_metrics.cc(232)] crbug.com/1216328: Checking default browser status started. Please report if there is no report that this ends.
Dec 15, 2021 10:38:35.34 [7988:11320:1215/103835.305:ERROR:device_event_log_impl.cc(214)] [10:38:35.305] USB: usb_device_handle_win.cc:1048 Failed to read descriptor from node connection: A device attached to the system is not functioning. (0x1F)
Dec 15, 2021 10:38:35.34 [7988:6744:1215/103835.315:ERROR:chrome_browser_main_extra_parts_metrics.cc(236)] crbug.com/1216328: Checking default browser status ended.
Dec 15, 2021 10:38:35.40 [7988:11320:1215/103835.402:ERROR:device_event_log_impl.cc(214)] [10:38:35.403] USB: usb_device_handle_win.cc:1048 Failed to read descriptor from node connection: A device attached to the system is not functioning. (0x1F)
Dec 15, 2021 11:00:42.20 [124:9012:1215/110042.206:ERROR:device_event_log_impl.cc(214)] [11:00:42.206] USB: usb_device_handle_win.cc:1048 Failed to read descriptor from node connection: A device attached to the system is not functioning. (0x1F)
Dec 15, 2021 11:00:42.33 [124:11508:1215/110042.212:ERROR:chrome_browser_main_extra_parts_metrics.cc(226)] crbug.com/1216328: Checking Bluetooth availability started. Please report if there is no report that this ends.
Dec 15, 2021 11:00:42.34 [124:11508:1215/110042.213:ERROR:chrome_browser_main_extra_parts_metrics.cc(229)] crbug.com/1216328: Checking Bluetooth availability ended.
Dec 15, 2021 11:00:42.43 [124:11508:1215/110042.213:ERROR:chrome_browser_main_extra_parts_metrics.cc(232)] crbug.com/1216328: Checking default browser status started. Please report if there is no report that this ends.
Dec 15, 2021 11:00:42.44 [124:11508:1215/110042.215:ERROR:chrome_browser_main_extra_parts_metrics.cc(236)] crbug.com/1216328: Checking default browser status ended.
Dec 15, 2021 11:00:42.44 [124:9012:1215/110042.301:ERROR:device_event_log_impl.cc(214)] [11:00:42.301] USB: usb_device_handle_win.cc:1048 Failed to read descriptor from node connection: A device attached to the system is not functioning. (0x1F)
Dec 15, 2021 12:21:19.73 [4904:3448:1215/122119.736:ERROR:chrome_browser_main_extra_parts_metrics.cc(226)] crbug.com/1216328: Checking Bluetooth availability started. Please report if there is no report that this ends.
Dec 15, 2021 12:21:19.86 [4904:3448:1215/122119.736:ERROR:chrome_browser_main_extra_parts_metrics.cc(229)] crbug.com/1216328: Checking Bluetooth availability ended.
Dec 15, 2021 12:21:19.86 [4904:3448:1215/122119.738:ERROR:chrome_browser_main_extra_parts_metrics.cc(232)] crbug.com/1216328: Checking default browser status started. Please report if there is no report that this ends.
Dec 15, 2021 12:21:19.93 [4904:508:1215/122119.743:ERROR:device_event_log_impl.cc(214)] [12:21:19.743] USB: usb_device_handle_win.cc:1048 Failed to read descriptor from node connection: A device attached to the system is not functioning. (0x1F)
Dec 15, 2021 12:21:19.93 [4904:3448:1215/122119.743:ERROR:chrome_browser_main_extra_parts_metrics.cc(236)] crbug.com/1216328: Checking default browser status ended.
Dec 15, 2021 12:21:19.93 [4904:508:1215/122119.840:ERROR:device_event_log_impl.cc(214)] [12:21:19.840] USB: usb_device_handle_win.cc:1048 Failed to read descriptor from node connection: A device attached to the system is not functioning. (0x1F)
Dec 15, 2021 12:25:04.73 [4256:6064:1215/122504.729:ERROR:chrome_browser_main_extra_parts_metrics.cc(226)] crbug.com/1216328: Checking Bluetooth availability started. Please report if there is no report that this ends.
Dec 15, 2021 12:25:04.73 [4256:6064:1215/122504.729:ERROR:chrome_browser_main_extra_parts_metrics.cc(229)] crbug.com/1216328: Checking Bluetooth availability ended.
Dec 15, 2021 12:25:04.73 [4256:6064:1215/122504.730:ERROR:chrome_browser_main_extra_parts_metrics.cc(232)] crbug.com/1216328: Checking default browser status started. Please report if there is no report that this ends.
Dec 15, 2021 12:25:04.73 [4256:1172:1215/122504.732:ERROR:device_event_log_impl.cc(214)] [12:25:04.732] USB: usb_device_handle_win.cc:1048 Failed to read descriptor from node connection: A device attached to the system is not functioning. (0x1F)
Dec 15, 2021 12:25:04.74 [4256:6064:1215/122504.735:ERROR:chrome_browser_main_extra_parts_metrics.cc(236)] crbug.com/1216328: Checking default browser status ended.
Dec 15, 2021 12:25:04.83 [4256:1172:1215/122504.829:ERROR:device_event_log_impl.cc(214)] [12:25:04.829] USB: usb_device_handle_win.cc:1048 Failed to read descriptor from node connection: A device attached to the system is not functioning. (0x1F)
Dec 15, 2021 12:44:37.74 [8480:4940:1215/124437.166:ERROR:chrome_browser_main_extra_parts_metrics.cc(226)] crbug.com/1216328: Checking Bluetooth availability started. Please report if there is no report that this ends.
Dec 15, 2021 12:44:38.30 [8480:4940:1215/124437.167:ERROR:chrome_browser_main_extra_parts_metrics.cc(229)] crbug.com/1216328: Checking Bluetooth availability ended.
Dec 15, 2021 12:44:38.30 [8480:4940:1215/124437.167:ERROR:chrome_browser_main_extra_parts_metrics.cc(232)] crbug.com/1216328: Checking default browser status started. Please report if there is no report that this ends.
Dec 15, 2021 12:44:38.81 [8480:4940:1215/124437.173:ERROR:chrome_browser_main_extra_parts_metrics.cc(236)] crbug.com/1216328: Checking default browser status ended.
Dec 15, 2021 12:44:38.81 [8480:11556:1215/124437.174:ERROR:device_event_log_impl.cc(214)] [12:44:37.173] USB: usb_device_handle_win.cc:1048 Failed to read descriptor from node connection: A device attached to the system is not functioning. (0x1F)
Dec 15, 2021 12:44:38.81 [8480:11556:1215/124437.268:ERROR:device_event_log_impl.cc(214)] [12:44:37.268] USB: usb_device_handle_win.cc:1048 Failed to read descriptor from node connection: A device attached to the system is not functioning. (0x1F)
Dec 15, 2021 13:08:54.34 [7360:8028:1215/130853.686:ERROR:chrome_browser_main_extra_parts_metrics.cc(226)] crbug.com/1216328: Checking Bluetooth availability started. Please report if there is no report that this ends.
Dec 15, 2021 13:08:54.50 [7360:8844:1215/130853.689:ERROR:device_event_log_impl.cc(214)] [13:08:53.688] USB: usb_device_handle_win.cc:1048 Failed to read descriptor from node connection: A device attached to the system is not functioning. (0x1F)
Dec 15, 2021 13:08:54.50 [7360:8028:1215/130854.339:ERROR:chrome_browser_main_extra_parts_metrics.cc(229)] crbug.com/1216328: Checking Bluetooth availability ended.
Dec 15, 2021 13:08:54.51 [7360:8028:1215/130854.339:ERROR:chrome_browser_main_extra_parts_metrics.cc(232)] crbug.com/1216328: Checking default browser status started. Please report if there is no report that this ends.
Dec 15, 2021 13:08:54.74 [7360:8028:1215/130854.342:ERROR:chrome_browser_main_extra_parts_metrics.cc(236)] crbug.com/1216328: Checking default browser status ended.
Dec 15, 2021 13:08:54.74 [7360:8844:1215/130854.441:ERROR:device_event_log_impl.cc(214)] [13:08:54.441] USB: usb_device_handle_win.cc:1048 Failed to read descriptor from node connection: A device attached to the system is not functioning. (0x1F)
Dec 15, 2021 15:43:07.19 [2876:5996:1215/154304.793:ERROR:chrome_browser_main_extra_parts_metrics.cc(226)] crbug.com/1216328: Checking Bluetooth availability started. Please report if there is no report that this ends.
Dec 15, 2021 15:43:07.30 [2876:5420:1215/154305.569:ERROR:device_event_log_impl.cc(214)] [15:43:05.569] USB: usb_device_handle_win.cc:1048 Failed to read descriptor from node connection: A device attached to the system is not functioning. (0x1F)
Dec 15, 2021 15:43:08.01 [2876:5420:1215/154308.012:ERROR:device_event_log_impl.cc(214)] [15:43:08.013] USB: usb_device_handle_win.cc:1048 Failed to read descriptor from node connection: A device attached to the system is not functioning. (0x1F)
Dec 15, 2021 15:43:09.71 [2876:5996:1215/154309.714:ERROR:chrome_browser_main_extra_parts_metrics.cc(229)] crbug.com/1216328: Checking Bluetooth availability ended.
Dec 15, 2021 15:43:09.71 [2876:5996:1215/154309.714:ERROR:chrome_browser_main_extra_parts_metrics.cc(232)] crbug.com/1216328: Checking default browser status started. Please report if there is no report that this ends.
Dec 15, 2021 15:43:09.71 [2876:5996:1215/154309.718:ERROR:chrome_browser_main_extra_parts_metrics.cc(236)] crbug.com/1216328: Checking default browser status ended.
Dec 15, 2021 17:48:48.41 [7068:4036:1215/174848.410:ERROR:device_event_log_impl.cc(214)] [17:48:48.410] USB: usb_device_handle_win.cc:1048 Failed to read descriptor from node connection: A device attached to the system is not functioning. (0x1F)
Dec 15, 2021 17:48:48.68 [7068:5996:1215/174848.411:ERROR:chrome_browser_main_extra_parts_metrics.cc(226)] crbug.com/1216328: Checking Bluetooth availability started. Please report if there is no report that this ends.
Dec 15, 2021 17:48:48.68 [7068:5996:1215/174848.411:ERROR:chrome_browser_main_extra_parts_metrics.cc(229)] crbug.com/1216328: Checking Bluetooth availability ended.
Dec 15, 2021 17:48:48.68 [7068:5996:1215/174848.411:ERROR:chrome_browser_main_extra_parts_metrics.cc(232)] crbug.com/1216328: Checking default browser status started. Please report if there is no report that this ends.
Dec 15, 2021 17:48:48.68 [7068:5996:1215/174848.412:ERROR:chrome_browser_main_extra_parts_metrics.cc(236)] crbug.com/1216328: Checking default browser status ended.
Dec 15, 2021 17:48:48.68 [7068:4036:1215/174848.505:ERROR:device_event_log_impl.cc(214)] [17:48:48.506] USB: usb_device_handle_win.cc:1048 Failed to read descriptor from node connection: A device attached to the system is not functioning. (0x1F)

Dec 16, 2021 12:07:10.22 NEW SESSION
Dec 16, 2021 12:07:10.22 [8000:5508:1216/120710.059:ERROR:device_event_log_impl.cc(214)] [12:07:10.059] USB: usb_device_handle_win.cc:1048 Failed to read descriptor from node connection: A device attached to the system is not functioning. (0x1F)
Dec 16, 2021 12:07:10.27 [8000:5508:1216/120710.157:ERROR:device_event_log_impl.cc(214)] [12:07:10.157] USB: usb_device_handle_win.cc:1048 Failed to read descriptor from node connection: A device attached to the system is not functioning. (0x1F)
Dec 16, 2021 12:07:10.35 [8000:4000:1216/120710.351:ERROR:chrome_browser_main_extra_parts_metrics.cc(226)] crbug.com/1216328: Checking Bluetooth availability started. Please report if there is no report that this ends.
Dec 16, 2021 12:07:10.35 [8000:4000:1216/120710.352:ERROR:chrome_browser_main_extra_parts_metrics.cc(229)] crbug.com/1216328: Checking Bluetooth availability ended.
Dec 16, 2021 12:07:10.35 [8000:4000:1216/120710.353:ERROR:chrome_browser_main_extra_parts_metrics.cc(232)] crbug.com/1216328: Checking default browser status started. Please report if there is no report that this ends.
Dec 16, 2021 12:07:10.35 [8000:4000:1216/120710.355:ERROR:chrome_browser_main_extra_parts_metrics.cc(236)] crbug.com/1216328: Checking default browser status ended.
Dec 16, 2021 12:25:16.04 [11992:10020:1216/122516.045:ERROR:chrome_browser_main_extra_parts_metrics.cc(226)] crbug.com/1216328: Checking Bluetooth availability started. Please report if there is no report that this ends.
Dec 16, 2021 12:25:16.05 [11992:10020:1216/122516.045:ERROR:chrome_browser_main_extra_parts_metrics.cc(229)] crbug.com/1216328: Checking Bluetooth availability ended.
Dec 16, 2021 12:25:16.05 [11992:10020:1216/122516.045:ERROR:chrome_browser_main_extra_parts_metrics.cc(232)] crbug.com/1216328: Checking default browser status started. Please report if there is no report that this ends.
Dec 16, 2021 12:25:16.08 [11992:7864:1216/122516.052:ERROR:device_event_log_impl.cc(214)] [12:25:16.051] USB: usb_device_handle_win.cc:1048 Failed to read descriptor from node connection: A device attached to the system is not functioning. (0x1F)
Dec 16, 2021 12:25:16.08 [11992:10020:1216/122516.057:ERROR:chrome_browser_main_extra_parts_metrics.cc(236)] crbug.com/1216328: Checking default browser status ended.
Dec 16, 2021 12:25:16.14 [11992:7864:1216/122516.148:ERROR:device_event_log_impl.cc(214)] [12:25:16.148] USB: usb_device_handle_win.cc:1048 Failed to read descriptor from node connection: A device attached to the system is not functioning. (0x1F)
Dec 16, 2021 12:44:23.81 [8468:11584:1216/124423.813:ERROR:chrome_browser_main_extra_parts_metrics.cc(226)] crbug.com/1216328: Checking Bluetooth availability started. Please report if there is no report that this ends.
Dec 16, 2021 12:44:23.81 [8468:11584:1216/124423.814:ERROR:chrome_browser_main_extra_parts_metrics.cc(229)] crbug.com/1216328: Checking Bluetooth availability ended.
Dec 16, 2021 12:44:23.81 [8468:11068:1216/124423.815:ERROR:device_event_log_impl.cc(214)] [12:44:23.814] USB: usb_device_handle_win.cc:1048 Failed to read descriptor from node connection: A device attached to the system is not functioning. (0x1F)
Dec 16, 2021 12:44:23.87 [8468:11584:1216/124423.816:ERROR:chrome_browser_main_extra_parts_metrics.cc(232)] crbug.com/1216328: Checking default browser status started. Please report if there is no report that this ends.
Dec 16, 2021 12:44:23.87 [8468:11584:1216/124423.821:ERROR:chrome_browser_main_extra_parts_metrics.cc(236)] crbug.com/1216328: Checking default browser status ended.
Dec 16, 2021 12:44:23.91 [8468:11068:1216/124423.913:ERROR:device_event_log_impl.cc(214)] [12:44:23.913] USB: usb_device_handle_win.cc:1048 Failed to read descriptor from node connection: A device attached to the system is not functioning. (0x1F)
Dec 16, 2021 12:51:31.47 [10272:9444:1216/125131.470:ERROR:chrome_browser_main_extra_parts_metrics.cc(226)] crbug.com/1216328: Checking Bluetooth availability started. Please report if there is no report that this ends.
Dec 16, 2021 12:51:31.47 [10272:9444:1216/125131.471:ERROR:chrome_browser_main_extra_parts_metrics.cc(229)] crbug.com/1216328: Checking Bluetooth availability ended.
Dec 16, 2021 12:51:31.47 [10272:5256:1216/125131.477:ERROR:device_event_log_impl.cc(214)] [12:51:31.476] USB: usb_device_handle_win.cc:1048 Failed to read descriptor from node connection: A device attached to the system is not functioning. (0x1F)
Dec 16, 2021 12:51:31.48 [10272:9444:1216/125131.479:ERROR:chrome_browser_main_extra_parts_metrics.cc(232)] crbug.com/1216328: Checking default browser status started. Please report if there is no report that this ends.
Dec 16, 2021 12:51:31.50 [10272:9444:1216/125131.485:ERROR:chrome_browser_main_extra_parts_metrics.cc(236)] crbug.com/1216328: Checking default browser status ended.
Dec 16, 2021 12:51:31.56 [10272:5256:1216/125131.568:ERROR:device_event_log_impl.cc(214)] [12:51:31.568] USB: usb_device_handle_win.cc:1048 Failed to read descriptor from node connection: A device attached to the system is not functioning. (0x1F)
Dec 16, 2021 12:52:48.86 [11748:8908:1216/125248.867:ERROR:chrome_browser_main_extra_parts_metrics.cc(226)] crbug.com/1216328: Checking Bluetooth availability started. Please report if there is no report that this ends.
Dec 16, 2021 12:52:48.87 [11748:8908:1216/125248.868:ERROR:chrome_browser_main_extra_parts_metrics.cc(229)] crbug.com/1216328: Checking Bluetooth availability ended.
Dec 16, 2021 12:52:48.87 [11748:4876:1216/125248.873:ERROR:device_event_log_impl.cc(214)] [12:52:48.873] USB: usb_device_handle_win.cc:1048 Failed to read descriptor from node connection: A device attached to the system is not functioning. (0x1F)
Dec 16, 2021 12:52:48.87 [11748:8908:1216/125248.868:ERROR:chrome_browser_main_extra_parts_metrics.cc(232)] crbug.com/1216328: Checking default browser status started. Please report if there is no report that this ends.
Dec 16, 2021 12:52:48.88 [11748:8908:1216/125248.882:ERROR:chrome_browser_main_extra_parts_metrics.cc(236)] crbug.com/1216328: Checking default browser status ended.
Dec 16, 2021 12:52:48.96 [11748:4876:1216/125248.968:ERROR:device_event_log_impl.cc(214)] [12:52:48.968] USB: usb_device_handle_win.cc:1048 Failed to read descriptor from node connection: A device attached to the system is not functioning. (0x1F)
Dec 16, 2021 13:29:23.96 [10684:10316:1216/132923.950:ERROR:chrome_browser_main_extra_parts_metrics.cc(226)] crbug.com/1216328: Checking Bluetooth availability started. Please report if there is no report that this ends.
Dec 16, 2021 13:29:24.01 [10684:10316:1216/132923.950:ERROR:chrome_browser_main_extra_parts_metrics.cc(229)] crbug.com/1216328: Checking Bluetooth availability ended.
Dec 16, 2021 13:29:24.01 [10684:10316:1216/132923.950:ERROR:chrome_browser_main_extra_parts_metrics.cc(232)] crbug.com/1216328: Checking default browser status started. Please report if there is no report that this ends.
Dec 16, 2021 13:29:24.02 [10684:10316:1216/132923.961:ERROR:chrome_browser_main_extra_parts_metrics.cc(236)] crbug.com/1216328: Checking default browser status ended.
Dec 16, 2021 13:29:24.02 [10684:4384:1216/132923.962:ERROR:device_event_log_impl.cc(214)] [13:29:23.963] USB: usb_device_handle_win.cc:1048 Failed to read descriptor from node connection: A device attached to the system is not functioning. (0x1F)
Dec 16, 2021 13:29:24.06 [10684:4384:1216/132924.060:ERROR:device_event_log_impl.cc(214)] [13:29:24.060] USB: usb_device_handle_win.cc:1048 Failed to read descriptor from node connection: A device attached to the system is not functioning. (0x1F)
Dec 16, 2021 13:31:35.14 [11328:4680:1216/133135.140:ERROR:device_event_log_impl.cc(214)] [13:31:35.141] USB: usb_device_handle_win.cc:1048 Failed to read descriptor from node connection: A device attached to the system is not functioning. (0x1F)
Dec 16, 2021 13:31:35.17 [11328:9604:1216/133135.170:ERROR:chrome_browser_main_extra_parts_metrics.cc(226)] crbug.com/1216328: Checking Bluetooth availability started. Please report if there is no report that this ends.
Dec 16, 2021 13:31:35.18 [11328:9604:1216/133135.170:ERROR:chrome_browser_main_extra_parts_metrics.cc(229)] crbug.com/1216328: Checking Bluetooth availability ended.
Dec 16, 2021 13:31:35.18 [11328:9604:1216/133135.171:ERROR:chrome_browser_main_extra_parts_metrics.cc(232)] crbug.com/1216328: Checking default browser status started. Please report if there is no report that this ends.
Dec 16, 2021 13:31:35.23 [11328:4680:1216/133135.238:ERROR:device_event_log_impl.cc(214)] [13:31:35.238] USB: usb_device_handle_win.cc:1048 Failed to read descriptor from node connection: A device attached to the system is not functioning. (0x1F)
Dec 16, 2021 13:31:35.27 [11328:9604:1216/133135.272:ERROR:chrome_browser_main_extra_parts_metrics.cc(236)] crbug.com/1216328: Checking default browser status ended.
Dec 16, 2021 13:33:42.09 [3420:9720:1216/133342.095:ERROR:chrome_browser_main_extra_parts_metrics.cc(226)] crbug.com/1216328: Checking Bluetooth availability started. Please report if there is no report that this ends.
Dec 16, 2021 13:33:42.09 [3420:9720:1216/133342.095:ERROR:chrome_browser_main_extra_parts_metrics.cc(229)] crbug.com/1216328: Checking Bluetooth availability ended.
Dec 16, 2021 13:33:42.09 [3420:9720:1216/133342.095:ERROR:chrome_browser_main_extra_parts_metrics.cc(232)] crbug.com/1216328: Checking default browser status started. Please report if there is no report that this ends.
Dec 16, 2021 13:33:42.09 [3420:7452:1216/133342.098:ERROR:device_event_log_impl.cc(214)] [13:33:42.098] USB: usb_device_handle_win.cc:1048 Failed to read descriptor from node connection: A device attached to the system is not functioning. (0x1F)
Dec 16, 2021 13:33:42.10 [3420:9720:1216/133342.102:ERROR:chrome_browser_main_extra_parts_metrics.cc(236)] crbug.com/1216328: Checking default browser status ended.
Dec 16, 2021 13:33:42.19 [3420:7452:1216/133342.194:ERROR:device_event_log_impl.cc(214)] [13:33:42.193] USB: usb_device_handle_win.cc:1048 Failed to read descriptor from node connection: A device attached to the system is not functioning. (0x1F)
Dec 16, 2021 13:52:14.19 [12148:11580:1216/135214.190:ERROR:device_event_log_impl.cc(214)] [13:52:14.190] USB: usb_device_handle_win.cc:1048 Failed to read descriptor from node connection: A device attached to the system is not functioning. (0x1F)
Dec 16, 2021 13:52:14.21 [12148:5984:1216/135214.212:ERROR:chrome_browser_main_extra_parts_metrics.cc(226)] crbug.com/1216328: Checking Bluetooth availability started. Please report if there is no report that this ends.
Dec 16, 2021 13:52:14.23 [12148:5984:1216/135214.237:ERROR:chrome_browser_main_extra_parts_metrics.cc(229)] crbug.com/1216328: Checking Bluetooth availability ended.
Dec 16, 2021 13:52:14.23 [12148:5984:1216/135214.238:ERROR:chrome_browser_main_extra_parts_metrics.cc(232)] crbug.com/1216328: Checking default browser status started. Please report if there is no report that this ends.
Dec 16, 2021 13:52:14.24 [12148:5984:1216/135214.241:ERROR:chrome_browser_main_extra_parts_metrics.cc(236)] crbug.com/1216328: Checking default browser status ended.
Dec 16, 2021 13:52:14.29 [12148:11580:1216/135214.290:ERROR:device_event_log_impl.cc(214)] [13:52:14.290] USB: usb_device_handle_win.cc:1048 Failed to read descriptor from node connection: A device attached to the system is not functioning. (0x1F)
Dec 16, 2021 14:04:43.34 [9920:8:1216/140443.348:ERROR:chrome_browser_main_extra_parts_metrics.cc(226)] crbug.com/1216328: Checking Bluetooth availability started. Please report if there is no report that this ends.
Dec 16, 2021 14:04:43.35 [9920:8:1216/140443.349:ERROR:chrome_browser_main_extra_parts_metrics.cc(229)] crbug.com/1216328: Checking Bluetooth availability ended.
Dec 16, 2021 14:04:43.35 [9920:8:1216/140443.349:ERROR:chrome_browser_main_extra_parts_metrics.cc(232)] crbug.com/1216328: Checking default browser status started. Please report if there is no report that this ends.
Dec 16, 2021 14:04:43.37 [9920:3552:1216/140443.354:ERROR:device_event_log_impl.cc(214)] [14:04:43.354] USB: usb_device_handle_win.cc:1048 Failed to read descriptor from node connection: A device attached to the system is not functioning. (0x1F)
Dec 16, 2021 14:04:43.37 [9920:8:1216/140443.357:ERROR:chrome_browser_main_extra_parts_metrics.cc(236)] crbug.com/1216328: Checking default browser status ended.
Dec 16, 2021 14:04:43.44 [9920:3552:1216/140443.449:ERROR:device_event_log_impl.cc(214)] [14:04:43.449] USB: usb_device_handle_win.cc:1048 Failed to read descriptor from node connection: A device attached to the system is not functioning. (0x1F)
Dec 16, 2021 14:11:45.52 [4376:6616:1216/141145.508:ERROR:chrome_browser_main_extra_parts_metrics.cc(226)] crbug.com/1216328: Checking Bluetooth availability started. Please report if there is no report that this ends.
Dec 16, 2021 14:11:45.56 [4376:7692:1216/141145.513:ERROR:device_event_log_impl.cc(214)] [14:11:45.513] USB: usb_device_handle_win.cc:1048 Failed to read descriptor from node connection: A device attached to the system is not functioning. (0x1F)
Dec 16, 2021 14:11:45.56 [4376:6616:1216/141145.523:ERROR:chrome_browser_main_extra_parts_metrics.cc(229)] crbug.com/1216328: Checking Bluetooth availability ended.
Dec 16, 2021 14:11:45.57 [4376:6616:1216/141145.523:ERROR:chrome_browser_main_extra_parts_metrics.cc(232)] crbug.com/1216328: Checking default browser status started. Please report if there is no report that this ends.
Dec 16, 2021 14:11:45.57 [4376:6616:1216/141145.526:ERROR:chrome_browser_main_extra_parts_metrics.cc(236)] crbug.com/1216328: Checking default browser status ended.
Dec 16, 2021 14:11:45.61 [4376:7692:1216/141145.610:ERROR:device_event_log_impl.cc(214)] [14:11:45.610] USB: usb_device_handle_win.cc:1048 Failed to read descriptor from node connection: A device attached to the system is not functioning. (0x1F)
Dec 16, 2021 14:42:23.53 [4376:7260:1216/144223.535:ERROR:connection_factory_impl.cc(425)] Failed to connect to MCS endpoint with error -106
Dec 16, 2021 14:42:49.19 [4376:7260:1216/144249.196:ERROR:connection_factory_impl.cc(425)] Failed to connect to MCS endpoint with error -106
Dec 16, 2021 14:43:46.12 [4376:7260:1216/144346.126:ERROR:connection_factory_impl.cc(425)] Failed to connect to MCS endpoint with error -106
Dec 16, 2021 14:45:37.41 [4376:7260:1216/144537.417:ERROR:connection_factory_impl.cc(425)] Failed to connect to MCS endpoint with error -106
Dec 16, 2021 14:45:47.89 [4376:7260:1216/144547.895:ERROR:connection_factory_impl.cc(425)] Failed to connect to MCS endpoint with error -105
Dec 16, 2021 14:46:10.96 [4376:7260:1216/144610.962:ERROR:connection_factory_impl.cc(425)] Failed to connect to MCS endpoint with error -118
Dec 16, 2021 14:47:13.04 [4376:7260:1216/144713.041:ERROR:connection_factory_impl.cc(425)] Failed to connect to MCS endpoint with error -7
Dec 16, 2021 14:57:29.08 [4376:8:1216/145729.085:ERROR:get_updates_processor.cc(260)] PostClientToServerMessage() failed during GetUpdates with error 2
Dec 16, 2021 14:57:54.61 [4376:7260:1216/145754.614:ERROR:connection_factory_impl.cc(425)] Failed to connect to MCS endpoint with error -7
Dec 16, 2021 14:58:35.12 [4376:1316:1216/145835.123:ERROR:get_updates_processor.cc(260)] PostClientToServerMessage() failed during GetUpdates with error 2
Dec 16, 2021 14:58:49.78 [4376:1316:1216/145849.783:ERROR:get_updates_processor.cc(260)] PostClientToServerMessage() failed during GetUpdates with error 2
Dec 16, 2021 14:58:49.80 [4376:7260:1216/145849.807:ERROR:connection_factory_impl.cc(425)] Failed to connect to MCS endpoint with error -103
Dec 16, 2021 14:58:51.82 [4376:7260:1216/145851.824:ERROR:connection_factory_impl.cc(425)] Failed to connect to MCS endpoint with error -106
Dec 16, 2021 14:58:54.25 [4376:7692:1216/145854.258:ERROR:device_event_log_impl.cc(214)] [14:58:54.258] USB: usb_service_win.cc:261 Failed to get device driver name: Element not found. (0x490)
Dec 16, 2021 14:59:42.64 [4376:4072:1216/145942.645:ERROR:get_updates_processor.cc(260)] PostClientToServerMessage() failed during GetUpdates with error 2
Dec 16, 2021 15:03:18.77 [4376:7260:1216/150318.776:ERROR:connection_factory_impl.cc(425)] Failed to connect to MCS endpoint with error -106
Dec 16, 2021 15:06:05.66 [4376:7260:1216/150605.663:ERROR:connection_factory_impl.cc(425)] Failed to connect to MCS endpoint with error -105
Dec 16, 2021 15:06:07.68 [4376:7260:1216/150607.687:ERROR:connection_factory_impl.cc(425)] Failed to connect to MCS endpoint with error -106
Dec 16, 2021 15:07:54.63 [4376:7260:1216/150754.630:ERROR:connection_factory_impl.cc(425)] Failed to connect to MCS endpoint with error -106
Dec 16, 2021 15:24:47.49 [9324:2116:1216/152447.495:ERROR:device_event_log_impl.cc(214)] [15:24:47.495] USB: usb_device_handle_win.cc:1048 Failed to read descriptor from node connection: A device attached to the system is not functioning. (0x1F)
Dec 16, 2021 15:24:47.71 [9324:6236:1216/152447.496:ERROR:chrome_browser_main_extra_parts_metrics.cc(226)] crbug.com/1216328: Checking Bluetooth availability started. Please report if there is no report that this ends.
Dec 16, 2021 15:24:47.71 [9324:6236:1216/152447.496:ERROR:chrome_browser_main_extra_parts_metrics.cc(229)] crbug.com/1216328: Checking Bluetooth availability ended.
Dec 16, 2021 15:24:47.99 [9324:6236:1216/152447.496:ERROR:chrome_browser_main_extra_parts_metrics.cc(232)] crbug.com/1216328: Checking default browser status started. Please report if there is no report that this ends.
Dec 16, 2021 15:24:48.10 [9324:6236:1216/152447.499:ERROR:chrome_browser_main_extra_parts_metrics.cc(236)] crbug.com/1216328: Checking default browser status ended.
Dec 16, 2021 15:24:48.10 [9324:2116:1216/152447.590:ERROR:device_event_log_impl.cc(214)] [15:24:47.591] USB: usb_device_handle_win.cc:1048 Failed to read descriptor from node connection: A device attached to the system is not functioning. (0x1F)
Dec 16, 2021 15:34:31.51 [5336:2876:1216/153431.518:ERROR:chrome_browser_main_extra_parts_metrics.cc(226)] crbug.com/1216328: Checking Bluetooth availability started. Please report if there is no report that this ends.
Dec 16, 2021 15:34:31.52 [5336:2876:1216/153431.520:ERROR:chrome_browser_main_extra_parts_metrics.cc(229)] crbug.com/1216328: Checking Bluetooth availability ended.
Dec 16, 2021 15:34:31.52 [5336:5024:1216/153431.521:ERROR:device_event_log_impl.cc(214)] [15:34:31.521] USB: usb_device_handle_win.cc:1048 Failed to read descriptor from node connection: A device attached to the system is not functioning. (0x1F)
Dec 16, 2021 15:34:31.52 [5336:2876:1216/153431.522:ERROR:chrome_browser_main_extra_parts_metrics.cc(232)] crbug.com/1216328: Checking default browser status started. Please report if there is no report that this ends.
Dec 16, 2021 15:34:31.52 [5336:2876:1216/153431.527:ERROR:chrome_browser_main_extra_parts_metrics.cc(236)] crbug.com/1216328: Checking default browser status ended.
Dec 16, 2021 15:34:31.61 [5336:5024:1216/153431.617:ERROR:device_event_log_impl.cc(214)] [15:34:31.616] USB: usb_device_handle_win.cc:1048 Failed to read descriptor from node connection: A device attached to the system is not functioning. (0x1F)
Dec 16, 2021 16:27:53.82 [6616:4584:1216/162753.819:ERROR:chrome_browser_main_extra_parts_metrics.cc(226)] crbug.com/1216328: Checking Bluetooth availability started. Please report if there is no report that this ends.
Dec 16, 2021 16:27:53.82 [6616:4584:1216/162753.821:ERROR:chrome_browser_main_extra_parts_metrics.cc(229)] crbug.com/1216328: Checking Bluetooth availability ended.
Dec 16, 2021 16:27:53.82 [6616:4584:1216/162753.822:ERROR:chrome_browser_main_extra_parts_metrics.cc(232)] crbug.com/1216328: Checking default browser status started. Please report if there is no report that this ends.
Dec 16, 2021 16:27:53.83 [6616:7712:1216/162753.829:ERROR:device_event_log_impl.cc(214)] [16:27:53.829] USB: usb_device_handle_win.cc:1048 Failed to read descriptor from node connection: A device attached to the system is not functioning. (0x1F)
Dec 16, 2021 16:27:53.83 [6616:4584:1216/162753.834:ERROR:chrome_browser_main_extra_parts_metrics.cc(236)] crbug.com/1216328: Checking default browser status ended.
Dec 16, 2021 16:27:53.92 [6616:7712:1216/162753.925:ERROR:device_event_log_impl.cc(214)] [16:27:53.925] USB: usb_device_handle_win.cc:1048 Failed to read descriptor from node connection: A device attached to the system is not functioning. (0x1F)
